      Step     Time          Energy          fmax
BFGS:    0 16:10:25    -1168.041504       51.551983
BFGS:    1 16:10:26    -1174.935181        5.917411
BFGS:    2 16:10:26    -1180.441772        3.974816
BFGS:    3 16:10:26    -1190.308350       30.171740
BFGS:    4 16:10:26    -1191.040161       50.048170
BFGS:    5 16:10:26    -1194.765381       11.368768
BFGS:    6 16:10:26    -1197.885742        5.587012
BFGS:    7 16:10:27    -1201.229126        3.898123
BFGS:    8 16:10:27    -1205.719238        5.223806
BFGS:    9 16:10:27    -1208.821045        7.366626
BFGS:   10 16:10:27    -1210.890625        6.129873
BFGS:   11 16:10:27    -1211.786499       15.551867
BFGS:   12 16:10:27    -1214.006958        2.593615
BFGS:   13 16:10:27    -1215.708252        3.884568
BFGS:   14 16:10:28    -1218.263428        5.143605
BFGS:   15 16:10:28    -1219.725830        5.371430
BFGS:   16 16:10:28    -1222.112671       12.351417
BFGS:   17 16:10:28    -1224.465820        8.054749
BFGS:   18 16:10:28    -1226.588501        4.281045
BFGS:   19 16:10:29    -1229.547485        3.272171
BFGS:   20 16:10:29    -1230.348267        8.662819
BFGS:   21 16:10:29    -1231.408447        3.332036
BFGS:   22 16:10:29    -1232.601318        2.966201
BFGS:   23 16:10:29    -1234.177856        3.796811
BFGS:   24 16:10:29    -1235.489136        3.778824
BFGS:   25 16:10:30    -1236.165283        2.625996
BFGS:   26 16:10:30    -1236.701782        1.969410
BFGS:   27 16:10:30    -1237.881348        2.095406
BFGS:   28 16:10:30    -1238.242065        1.701093
BFGS:   29 16:10:30    -1238.873047        1.452454
BFGS:   30 16:10:30    -1239.222290        1.151405
BFGS:   31 16:10:31    -1239.615845        1.370304
BFGS:   32 16:10:31    -1239.915039        1.024760
BFGS:   33 16:10:31    -1240.208008        1.019705
BFGS:   34 16:10:31    -1240.473633        0.879702
BFGS:   35 16:10:31    -1240.703003        0.853061
BFGS:   36 16:10:32    -1240.910889        0.748044
BFGS:   37 16:10:32    -1241.116577        0.800737
BFGS:   38 16:10:32    -1241.326050        0.764914
BFGS:   39 16:10:32    -1241.524170        1.002182
BFGS:   40 16:10:33    -1241.718750        0.945112
BFGS:   41 16:10:33    -1241.903687        0.752234
BFGS:   42 16:10:33    -1242.051758        0.502613
BFGS:   43 16:10:33    -1242.165649        0.485519
BFGS:   44 16:10:33    -1242.276245        0.557703
BFGS:   45 16:10:33    -1242.380981        0.815811
BFGS:   46 16:10:33    -1242.501221        1.008958
BFGS:   47 16:10:34    -1242.654785        1.323366
BFGS:   48 16:10:34    -1242.968262        2.240898
BFGS:   49 16:10:34    -1243.252686        2.814890
BFGS:   50 16:10:34    -1243.611084        3.308084
BFGS:   51 16:10:34    -1244.119507        4.291184
BFGS:   52 16:10:34    -1244.938232        2.721998
BFGS:   53 16:10:35    -1245.505127        2.884912
BFGS:   54 16:10:35    -1246.241089        2.467469
BFGS:   55 16:10:35    -1246.923096        2.052103
BFGS:   56 16:10:35    -1247.316528        1.259415
BFGS:   57 16:10:35    -1247.638306        1.677016
BFGS:   58 16:10:35    -1247.844727        0.836786
BFGS:   59 16:10:36    -1248.060669        0.743541
BFGS:   60 16:10:36    -1248.218506        0.775798
BFGS:   61 16:10:36    -1248.409790        0.805084
BFGS:   62 16:10:36    -1248.598999        0.865574
BFGS:   63 16:10:36    -1248.789185        1.049222
BFGS:   64 16:10:36    -1249.006104        1.252887
BFGS:   65 16:10:37    -1249.245605        1.284792
BFGS:   66 16:10:37    -1249.444824        1.046994
BFGS:   67 16:10:37    -1249.674561        0.987015
BFGS:   68 16:10:37    -1249.905640        0.709341
BFGS:   69 16:10:37    -1250.068604        0.551748
BFGS:   70 16:10:37    -1250.183960        0.434526
BFGS:   71 16:10:38    -1250.248779        0.640396
BFGS:   72 16:10:38    -1250.291382        0.433021
BFGS:   73 16:10:38    -1250.337158        0.338028
BFGS:   74 16:10:38    -1250.387695        0.469267
BFGS:   75 16:10:39    -1250.416382        0.408763
BFGS:   76 16:10:39    -1250.458862        0.261079
BFGS:   77 16:10:39    -1250.490845        0.190378
BFGS:   78 16:10:39    -1250.519653        0.208047
BFGS:   79 16:10:39    -1250.543945        0.219113
BFGS:   80 16:10:39    -1250.569702        0.168406
BFGS:   81 16:10:39    -1250.593994        0.192155
BFGS:   82 16:10:40    -1250.617065        0.201556
BFGS:   83 16:10:40    -1250.640137        0.217467
BFGS:   84 16:10:40    -1250.662964        0.206887
BFGS:   85 16:10:40    -1250.685059        0.167399
BFGS:   86 16:10:40    -1250.705933        0.179264
BFGS:   87 16:10:40    -1250.726440        0.212508
BFGS:   88 16:10:41    -1250.748413        0.244042
BFGS:   89 16:10:41    -1250.772339        0.273108
BFGS:   90 16:10:41    -1250.798828        0.310584
BFGS:   91 16:10:41    -1250.830933        0.369617
BFGS:   92 16:10:42    -1250.873535        0.446776
BFGS:   93 16:10:42    -1250.927368        0.492429
BFGS:   94 16:10:42    -1250.994507        0.505397
BFGS:   95 16:10:42    -1251.086792        0.568251
BFGS:   96 16:10:42    -1251.198242        0.673576
BFGS:   97 16:10:42    -1251.310181        0.615610
BFGS:   98 16:10:43    -1251.406738        0.687382
BFGS:   99 16:10:43    -1251.545898        0.578186
BFGS:  100 16:10:43    -1251.665039        0.626614
BFGS:  101 16:10:43    -1251.787476        0.616813
BFGS:  102 16:10:43    -1251.835815        0.579118
BFGS:  103 16:10:43    -1251.967163        0.633279
BFGS:  104 16:10:44    -1252.074341        1.118360
BFGS:  105 16:10:44    -1252.207031        0.934675
BFGS:  106 16:10:44    -1252.349609        1.070179
BFGS:  107 16:10:44    -1252.595581        1.040811
BFGS:  108 16:10:44    -1252.787720        0.979144
BFGS:  109 16:10:45    -1253.250488        1.884773
BFGS:  110 16:10:45    -1253.540405        1.490053
BFGS:  111 16:10:45    -1254.039795        1.650816
BFGS:  112 16:10:45    -1254.382202        0.743262
BFGS:  113 16:10:45    -1254.464478        0.626366
BFGS:  114 16:10:45    -1254.545166        0.481849
BFGS:  115 16:10:46    -1254.607666        0.346694
BFGS:  116 16:10:46    -1254.651001        0.313547
BFGS:  117 16:10:46    -1254.696899        0.324793
BFGS:  118 16:10:46    -1254.742432        0.360194
BFGS:  119 16:10:46    -1254.784912        0.350634
BFGS:  120 16:10:46    -1254.820557        0.249292
BFGS:  121 16:10:46    -1254.852661        0.317824
BFGS:  122 16:10:47    -1254.881714        0.285519
BFGS:  123 16:10:47    -1254.907837        0.274496
BFGS:  124 16:10:47    -1254.929199        0.248477
BFGS:  125 16:10:47    -1254.950439        0.222230
BFGS:  126 16:10:47    -1254.973145        0.212347
BFGS:  127 16:10:47    -1254.996460        0.218827
BFGS:  128 16:10:48    -1255.017822        0.175656
BFGS:  129 16:10:48    -1255.037109        0.191057
BFGS:  130 16:10:48    -1255.055298        0.191628
BFGS:  131 16:10:48    -1255.072998        0.165307
BFGS:  132 16:10:48    -1255.090576        0.154740
BFGS:  133 16:10:48    -1255.108398        0.167029
BFGS:  134 16:10:49    -1255.128418        0.220678
BFGS:  135 16:10:49    -1255.150757        0.275211
BFGS:  136 16:10:49    -1255.173218        0.271917
BFGS:  137 16:10:49    -1255.194702        0.225605
BFGS:  138 16:10:49    -1255.216309        0.216499
BFGS:  139 16:10:49    -1255.239136        0.220283
BFGS:  140 16:10:50    -1255.263428        0.196127
BFGS:  141 16:10:50    -1255.288818        0.178185
BFGS:  142 16:10:50    -1255.316528        0.225184
BFGS:  143 16:10:50    -1255.348633        0.282790
BFGS:  144 16:10:50    -1255.385254        0.333214
BFGS:  145 16:10:50    -1255.401733        0.798015
BFGS:  146 16:10:50    -1255.461548        0.429361
BFGS:  147 16:10:51    -1255.509399        0.463651
BFGS:  148 16:10:51    -1255.587280        0.442795
BFGS:  149 16:10:51    -1255.631836        0.389393
BFGS:  150 16:10:51    -1255.715576        0.488520
BFGS:  151 16:10:51    -1255.792603        0.527572
BFGS:  152 16:10:51    -1255.872803        0.589532
BFGS:  153 16:10:52    -1255.954346        0.638871
BFGS:  154 16:10:52    -1256.061035        0.884607
BFGS:  155 16:10:52    -1256.216187        0.907735
BFGS:  156 16:10:52    -1256.453735        0.840054
BFGS:  157 16:10:52    -1256.634033        0.995589
BFGS:  158 16:10:52    -1256.762451        0.708679
BFGS:  159 16:10:53    -1256.989380        0.688820
BFGS:  160 16:10:53    -1257.069458        0.918534
BFGS:  161 16:10:53    -1257.176514        0.396308
BFGS:  162 16:10:53    -1257.263184        0.345268
BFGS:  163 16:10:53    -1257.371948        0.306400
BFGS:  164 16:10:53    -1257.416870        0.326104
BFGS:  165 16:10:54    -1257.499512        0.407827
BFGS:  166 16:10:54    -1257.559082        0.436191
BFGS:  167 16:10:54    -1257.619751        0.429704
BFGS:  168 16:10:54    -1257.674805        0.320551
BFGS:  169 16:10:54    -1257.737183        0.274349
BFGS:  170 16:10:54    -1257.801392        0.331032
BFGS:  171 16:10:55    -1257.870361        0.319147
BFGS:  172 16:10:55    -1257.939087        0.317197
BFGS:  173 16:10:55    -1258.007935        0.293547
BFGS:  174 16:10:55    -1258.068848        0.287895
BFGS:  175 16:10:55    -1258.121704        0.320279
BFGS:  176 16:10:55    -1258.166626        0.317351
BFGS:  177 16:10:56    -1258.206909        0.326975
BFGS:  178 16:10:56    -1258.242676        0.371315
BFGS:  179 16:10:56    -1258.278442        0.369136
BFGS:  180 16:10:56    -1258.317139        0.399654
BFGS:  181 16:10:56    -1258.368408        0.378162
BFGS:  182 16:10:56    -1258.402222        0.403853
BFGS:  183 16:10:57    -1258.445679        0.288235
BFGS:  184 16:10:57    -1258.475220        0.254876
BFGS:  185 16:10:57    -1258.500854        0.225346
BFGS:  186 16:10:57    -1258.518311        0.226992
BFGS:  187 16:10:57    -1258.536255        0.181387
BFGS:  188 16:10:58    -1258.551270        0.159625
BFGS:  189 16:10:58    -1258.564453        0.121124
BFGS:  190 16:10:58    -1258.573975        0.154601
BFGS:  191 16:10:58    -1258.583374        0.118054
BFGS:  192 16:10:58    -1258.590820        0.112697
BFGS:  193 16:10:59    -1258.597778        0.121750
BFGS:  194 16:10:59    -1258.604370        0.147107
BFGS:  195 16:10:59    -1258.611084        0.134975
BFGS:  196 16:10:59    -1258.617554        0.103586
BFGS:  197 16:10:59    -1258.624023        0.096462
BFGS:  198 16:11:00    -1258.630493        0.112080
BFGS:  199 16:11:00    -1258.637085        0.133202
BFGS:  200 16:11:00    -1258.643555        0.093559
BFGS:  201 16:11:00    -1258.649780        0.094463
BFGS:  202 16:11:00    -1258.655396        0.094478
BFGS:  203 16:11:00    -1258.661011        0.115922
BFGS:  204 16:11:00    -1258.666626        0.098267
BFGS:  205 16:11:01    -1258.672729        0.096561
BFGS:  206 16:11:01    -1258.678955        0.084785
BFGS:  207 16:11:01    -1258.685181        0.106410
BFGS:  208 16:11:01    -1258.691284        0.096711
BFGS:  209 16:11:01    -1258.697754        0.095946
BFGS:  210 16:11:01    -1258.704834        0.105912
BFGS:  211 16:11:02    -1258.712891        0.127356
BFGS:  212 16:11:02    -1258.721191        0.136499
BFGS:  213 16:11:02    -1258.729492        0.109336
BFGS:  214 16:11:02    -1258.738281        0.109099
BFGS:  215 16:11:02    -1258.748291        0.122598
BFGS:  216 16:11:02    -1258.759644        0.178961
BFGS:  217 16:11:02    -1258.771851        0.163078
BFGS:  218 16:11:03    -1258.784668        0.130833
BFGS:  219 16:11:03    -1258.798218        0.139621
BFGS:  220 16:11:03    -1258.812744        0.200249
BFGS:  221 16:11:03    -1258.827881        0.257987
BFGS:  222 16:11:03    -1258.841797        0.173113
BFGS:  223 16:11:03    -1258.849243        0.212260
BFGS:  224 16:11:04    -1258.859985        0.144166
BFGS:  225 16:11:04    -1258.868164        0.111191
BFGS:  226 16:11:04    -1258.879883        0.079291
BFGS:  227 16:11:04    -1258.885986        0.085140
BFGS:  228 16:11:04    -1258.895020        0.085291
BFGS:  229 16:11:04    -1258.901489        0.080491
BFGS:  230 16:11:05    -1258.908325        0.083756
BFGS:  231 16:11:05    -1258.914673        0.090986
BFGS:  232 16:11:05    -1258.921021        0.094369
BFGS:  233 16:11:05    -1258.927246        0.080825
BFGS:  234 16:11:05    -1258.933838        0.089001
BFGS:  235 16:11:05    -1258.940674        0.091820
BFGS:  236 16:11:06    -1258.948242        0.091761
BFGS:  237 16:11:06    -1258.956299        0.118552
BFGS:  238 16:11:06    -1258.964600        0.136236
BFGS:  239 16:11:06    -1258.973145        0.130803
BFGS:  240 16:11:06    -1258.981812        0.105003
BFGS:  241 16:11:06    -1258.990845        0.108827
BFGS:  242 16:11:06    -1259.000122        0.130601
BFGS:  243 16:11:07    -1259.009888        0.139570
BFGS:  244 16:11:07    -1259.020142        0.134512
BFGS:  245 16:11:07    -1259.032471        0.188101
BFGS:  246 16:11:07    -1259.047852        0.262599
BFGS:  247 16:11:07    -1259.068481        0.354335
BFGS:  248 16:11:08    -1259.093506        0.392943
BFGS:  249 16:11:08    -1259.126099        0.369133
BFGS:  250 16:11:08    -1259.152100        0.469500
BFGS:  251 16:11:08    -1259.206909        0.502643
BFGS:  252 16:11:08    -1259.250854        0.396523
BFGS:  253 16:11:09    -1259.314575        0.391457
BFGS:  254 16:11:09    -1259.344971        0.389036
BFGS:  255 16:11:09    -1259.403198        0.408557
BFGS:  256 16:11:09    -1259.449707        0.424303
BFGS:  257 16:11:09    -1259.500000        0.429667
BFGS:  258 16:11:09    -1259.557129        0.463799
BFGS:  259 16:11:10    -1259.640991        0.470346
BFGS:  260 16:11:10    -1259.691406        0.483992
BFGS:  261 16:11:10    -1259.735352        0.432878
BFGS:  262 16:11:10    -1259.802856        0.427467
BFGS:  263 16:11:10    -1259.849976        0.402577
BFGS:  264 16:11:11    -1259.899414        0.434485
BFGS:  265 16:11:11    -1259.930786        0.457726
BFGS:  266 16:11:11    -1259.966309        0.418697
BFGS:  267 16:11:11    -1259.992676        0.377245
BFGS:  268 16:11:11    -1260.015747        0.308742
BFGS:  269 16:11:11    -1260.035400        0.305373
BFGS:  270 16:11:12    -1260.054321        0.278430
BFGS:  271 16:11:12    -1260.071899        0.272084
BFGS:  272 16:11:12    -1260.088379        0.246133
BFGS:  273 16:11:12    -1260.103760        0.279093
BFGS:  274 16:11:12    -1260.118286        0.261317
BFGS:  275 16:11:12    -1260.132446        0.249320
BFGS:  276 16:11:13    -1260.145386        0.172020
BFGS:  277 16:11:13    -1260.156494        0.161253
BFGS:  278 16:11:13    -1260.165649        0.178031
BFGS:  279 16:11:13    -1260.173706        0.182033
BFGS:  280 16:11:13    -1260.180908        0.168766
BFGS:  281 16:11:14    -1260.187500        0.153919
BFGS:  282 16:11:14    -1260.193481        0.128462
BFGS:  283 16:11:14    -1260.198975        0.115787
BFGS:  284 16:11:14    -1260.203735        0.110091
BFGS:  285 16:11:14    -1260.207886        0.100240
BFGS:  286 16:11:14    -1260.211670        0.103981
BFGS:  287 16:11:14    -1260.215210        0.093361
BFGS:  288 16:11:15    -1260.218506        0.089812
BFGS:  289 16:11:15    -1260.221436        0.081549
BFGS:  290 16:11:15    -1260.224121        0.074208
BFGS:  291 16:11:15    -1260.226685        0.078138
BFGS:  292 16:11:15    -1260.229126        0.073294
BFGS:  293 16:11:15    -1260.231201        0.059306
BFGS:  294 16:11:15    -1260.232910        0.051720
BFGS:  295 16:11:16    -1260.234375        0.040875
